# JRE version: OpenJDK Runtime Environment (8.0_242-b01) (build 1.8.0_242-release-1644-b01)
# Java VM: OpenJDK 64-Bit Server VM (25.242-b01 mixed mode windows-amd64 compressed oops)
Heap:
 PSYoungGen      total 165376K, used 152820K [0x00000000e0000000, 0x00000000ec000000, 0x0000000100000000)
  eden space 151552K, 91% used [0x00000000e0000000,0x00000000e881a4a0,0x00000000e9400000)
  from space 13824K, 97% used [0x00000000e9a00000,0x00000000ea722e40,0x00000000ea780000)
  to   space 22528K, 0% used [0x00000000eaa00000,0x00000000eaa00000,0x00000000ec000000)
 ParOldGen       total 82432K, used 45655K [0x00000000a0000000, 0x00000000a5080000, 0x00000000e0000000)
  object space 82432K, 55% used [0x00000000a0000000,0x00000000a2c95cc8,0x00000000a5080000)
 Metaspace       used 85236K, capacity 89194K, committed 89304K, reserved 1126400K
  class space    used 11428K, capacity 12212K, committed 12288K, reserved 1048576K
GC Heap History (10 events):
Event: 17.054 GC heap before
{Heap before GC invocations=20 (full 3):
 PSYoungGen      total 138752K, used 6911K [0x00000000e0000000, 0x00000000eae00000, 0x0000000100000000)
  eden space 123904K, 0% used [0x00000000e0000000,0x00000000e0000000,0x00000000e7900000)
  from space 14848K, 46% used [0x00000000e7900000,0x00000000e7fbfff8,0x00000000e8780000)
  to   space 14336K, 0% used [0x00000000ea000000,0x00000000ea000000,0x00000000eae00000)
 ParOldGen       total 52224K, used 35716K [0x00000000a0000000, 0x00000000a3300000, 0x00000000e0000000)
  object space 52224K, 68% used [0x00000000a0000000,0x00000000a22e1070,0x00000000a3300000)
 Metaspace       used 56947K, capacity 59034K, committed 59096K, reserved 1099776K
  class space    used 7892K, capacity 8388K, committed 8448K, reserved 1048576K
Event: 17.269 GC heap after
Heap after GC invocations=20 (full 3):
 PSYoungGen      total 138752K, used 0K [0x00000000e0000000, 0x00000000eae00000, 0x0000000100000000)
  eden space 123904K, 0% used [0x00000000e0000000,0x00000000e0000000,0x00000000e7900000)
  from space 14848K, 0% used [0x00000000e7900000,0x00000000e7900000,0x00000000e8780000)
  to   space 14336K, 0% used [0x00000000ea000000,0x00000000ea000000,0x00000000eae00000)
 ParOldGen       total 82432K, used 32256K [0x00000000a0000000, 0x00000000a5080000, 0x00000000e0000000)
  object space 82432K, 39% used [0x00000000a0000000,0x00000000a1f80250,0x00000000a5080000)
 Metaspace       used 56856K, capacity 58766K, committed 59096K, reserved 1099776K
  class space    used 7864K, capacity 8338K, committed 8448K, reserved 1048576K
}
Event: 19.389 GC heap before
{Heap before GC invocations=21 (full 3):
 PSYoungGen      total 138752K, used 122573K [0x00000000e0000000, 0x00000000eae00000, 0x0000000100000000)
  eden space 123904K, 98% used [0x00000000e0000000,0x00000000e77b3708,0x00000000e7900000)
  from space 14848K, 0% used [0x00000000e7900000,0x00000000e7900000,0x00000000e8780000)
  to   space 14336K, 0% used [0x00000000ea000000,0x00000000ea000000,0x00000000eae00000)
 ParOldGen       total 82432K, used 32256K [0x00000000a0000000, 0x00000000a5080000, 0x00000000e0000000)
  object space 82432K, 39% used [0x00000000a0000000,0x00000000a1f80250,0x00000000a5080000)
 Metaspace       used 61292K, capacity 63744K, committed 63832K, reserved 1103872K
  class space    used 8511K, capacity 9027K, committed 9088K, reserved 1048576K
Event: 19.403 GC heap after
Heap after GC invocations=21 (full 3):
 PSYoungGen      total 156160K, used 13347K [0x00000000e0000000, 0x00000000ead80000, 0x0000000100000000)
  eden space 142336K, 0% used [0x00000000e0000000,0x00000000e0000000,0x00000000e8b00000)
  from space 13824K, 96% used [0x00000000ea000000,0x00000000ead08ed0,0x00000000ead80000)
  to   space 16384K, 0% used [0x00000000e8d80000,0x00000000e8d80000,0x00000000e9d80000)
 ParOldGen       total 82432K, used 32264K [0x00000000a0000000, 0x00000000a5080000, 0x00000000e0000000)
  object space 82432K, 39% used [0x00000000a0000000,0x00000000a1f82250,0x00000000a5080000)
 Metaspace       used 61292K, capacity 63744K, committed 63832K, reserved 1103872K
  class space    used 8511K, capacity 9027K, committed 9088K, reserved 1048576K
}
Event: 21.038 GC heap before
{Heap before GC invocations=22 (full 3):
 PSYoungGen      total 156160K, used 155683K [0x00000000e0000000, 0x00000000ead80000, 0x0000000100000000)
  eden space 142336K, 100% used [0x00000000e0000000,0x00000000e8b00000,0x00000000e8b00000)
  from space 13824K, 96% used [0x00000000ea000000,0x00000000ead08ed0,0x00000000ead80000)
  to   space 16384K, 0% used [0x00000000e8d80000,0x00000000e8d80000,0x00000000e9d80000)
 ParOldGen       total 82432K, used 32264K [0x00000000a0000000, 0x00000000a5080000, 0x00000000e0000000)
  object space 82432K, 39% used [0x00000000a0000000,0x00000000a1f82250,0x00000000a5080000)
 Metaspace       used 67301K, capacity 70380K, committed 70488K, reserved 1110016K
  class space    used 9412K, capacity 10033K, committed 10112K, reserved 1048576K
Event: 21.052 GC heap after
Heap after GC invocations=22 (full 3):
 PSYoungGen      total 161280K, used 13160K [0x00000000e0000000, 0x00000000ec100000, 0x0000000100000000)
  eden space 144896K, 0% used [0x00000000e0000000,0x00000000e0000000,0x00000000e8d80000)
  from space 16384K, 80% used [0x00000000e8d80000,0x00000000e9a5a060,0x00000000e9d80000)
  to   space 17408K, 0% used [0x00000000eb000000,0x00000000eb000000,0x00000000ec100000)
 ParOldGen       total 82432K, used 32272K [0x00000000a0000000, 0x00000000a5080000, 0x00000000e0000000)
  object space 82432K, 39% used [0x00000000a0000000,0x00000000a1f84250,0x00000000a5080000)
 Metaspace       used 67301K, capacity 70380K, committed 70488K, reserved 1110016K
  class space    used 9412K, capacity 10033K, committed 10112K, reserved 1048576K
}
Event: 188.212 GC heap before
{Heap before GC invocations=23 (full 3):
 PSYoungGen      total 161280K, used 158056K [0x00000000e0000000, 0x00000000ec100000, 0x0000000100000000)
  eden space 144896K, 100% used [0x00000000e0000000,0x00000000e8d80000,0x00000000e8d80000)
  from space 16384K, 80% used [0x00000000e8d80000,0x00000000e9a5a060,0x00000000e9d80000)
  to   space 17408K, 0% used [0x00000000eb000000,0x00000000eb000000,0x00000000ec100000)
 ParOldGen       total 82432K, used 32272K [0x00000000a0000000, 0x00000000a5080000, 0x00000000e0000000)
  object space 82432K, 39% used [0x00000000a0000000,0x00000000a1f84250,0x00000000a5080000)
 Metaspace       used 74477K, capacity 77964K, committed 78168K, reserved 1116160K
  class space    used 10195K, capacity 10865K, committed 10880K, reserved 1048576K
Event: 188.245 GC heap after
Heap after GC invocations=23 (full 3):
 PSYoungGen      total 175104K, used 17380K [0x00000000e0000000, 0x00000000eca00000, 0x0000000100000000)
  eden space 157696K, 0% used [0x00000000e0000000,0x00000000e0000000,0x00000000e9a00000)
  from space 17408K, 99% used [0x00000000eb000000,0x00000000ec0f9340,0x00000000ec100000)
  to   space 22528K, 0% used [0x00000000e9a00000,0x00000000e9a00000,0x00000000eb000000)
 ParOldGen       total 82432K, used 38165K [0x00000000a0000000, 0x00000000a5080000, 0x00000000e0000000)
  object space 82432K, 46% used [0x00000000a0000000,0x00000000a2545668,0x00000000a5080000)
 Metaspace       used 74477K, capacity 77964K, committed 78168K, reserved 1116160K
  class space    used 10195K, capacity 10865K, committed 10880K, reserved 1048576K
}
Event: 1069.751 GC heap before
{Heap before GC invocations=24 (full 3):
 PSYoungGen      total 175104K, used 175076K [0x00000000e0000000, 0x00000000eca00000, 0x0000000100000000)
  eden space 157696K, 100% used [0x00000000e0000000,0x00000000e9a00000,0x00000000e9a00000)
  from space 17408K, 99% used [0x00000000eb000000,0x00000000ec0f9340,0x00000000ec100000)
  to   space 22528K, 0% used [0x00000000e9a00000,0x00000000e9a00000,0x00000000eb000000)
 ParOldGen       total 82432K, used 38165K [0x00000000a0000000, 0x00000000a5080000, 0x00000000e0000000)
  object space 82432K, 46% used [0x00000000a0000000,0x00000000a2545668,0x00000000a5080000)
 Metaspace       used 77330K, capacity 80918K, committed 81112K, reserved 1120256K
  class space    used 10425K, capacity 11148K, committed 11264K, reserved 1048576K
Event: 1069.771 GC heap after
Heap after GC invocations=24 (full 3):
 PSYoungGen      total 165376K, used 13451K [0x00000000e0000000, 0x00000000ec000000, 0x0000000100000000)
  eden space 151552K, 0% used [0x00000000e0000000,0x00000000e0000000,0x00000000e9400000)
  from space 13824K, 97% used [0x00000000e9a00000,0x00000000ea722e40,0x00000000ea780000)
  to   space 22528K, 0% used [0x00000000eaa00000,0x00000000eaa00000,0x00000000ec000000)
 ParOldGen       total 82432K, used 45655K [0x00000000a0000000, 0x00000000a5080000, 0x00000000e0000000)
  object space 82432K, 55% used [0x00000000a0000000,0x00000000a2c95cc8,0x00000000a5080000)
 Metaspace       used 77330K, capacity 80918K, committed 81112K, reserved 1120256K
  class space    used 10425K, capacity 11148K, committed 11264K, reserved 1048576K
}

