# JRE version: OpenJDK Runtime Environment (8.0_242-b01) (build 1.8.0_242-release-1644-b01)
# Java VM: OpenJDK 64-Bit Server VM (25.242-b01 mixed mode windows-amd64 compressed oops)
Heap:
 PSYoungGen      total 228864K, used 191343K [0x00000000e0000000, 0x00000000f3b00000, 0x0000000100000000)
  eden space 217600K, 82% used [0x00000000e0000000,0x00000000eb04a9b0,0x00000000ed480000)
  from space 11264K, 96% used [0x00000000f0a00000,0x00000000f1491590,0x00000000f1500000)
  to   space 27648K, 0% used [0x00000000f2000000,0x00000000f2000000,0x00000000f3b00000)
 ParOldGen       total 76800K, used 57171K [0x00000000a0000000, 0x00000000a4b00000, 0x00000000e0000000)
  object space 76800K, 74% used [0x00000000a0000000,0x00000000a37d4c20,0x00000000a4b00000)
 Metaspace       used 88047K, capacity 93286K, committed 93528K, reserved 1130496K
  class space    used 11672K, capacity 12610K, committed 12632K, reserved 1048576K
GC Heap History (10 events):
Event: 869.221 GC heap before
{Heap before GC invocations=16 (full 3):
 PSYoungGen      total 273408K, used 259584K [0x00000000e0000000, 0x00000000f2080000, 0x0000000100000000)
  eden space 259584K, 100% used [0x00000000e0000000,0x00000000efd80000,0x00000000efd80000)
  from space 13824K, 0% used [0x00000000f1300000,0x00000000f1300000,0x00000000f2080000)
  to   space 17920K, 0% used [0x00000000efd80000,0x00000000efd80000,0x00000000f0f00000)
 ParOldGen       total 76800K, used 33122K [0x00000000a0000000, 0x00000000a4b00000, 0x00000000e0000000)
  object space 76800K, 43% used [0x00000000a0000000,0x00000000a2058a48,0x00000000a4b00000)
 Metaspace       used 67373K, capacity 70176K, committed 70488K, reserved 1110016K
  class space    used 9108K, capacity 9691K, committed 9816K, reserved 1048576K
Event: 869.248 GC heap after
Heap after GC invocations=16 (full 3):
 PSYoungGen      total 277504K, used 17908K [0x00000000e0000000, 0x00000000f6b80000, 0x0000000100000000)
  eden space 259584K, 0% used [0x00000000e0000000,0x00000000e0000000,0x00000000efd80000)
  from space 17920K, 99% used [0x00000000efd80000,0x00000000f0efd388,0x00000000f0f00000)
  to   space 22016K, 0% used [0x00000000f5600000,0x00000000f5600000,0x00000000f6b80000)
 ParOldGen       total 76800K, used 36168K [0x00000000a0000000, 0x00000000a4b00000, 0x00000000e0000000)
  object space 76800K, 47% used [0x00000000a0000000,0x00000000a2352030,0x00000000a4b00000)
 Metaspace       used 67373K, capacity 70176K, committed 70488K, reserved 1110016K
  class space    used 9108K, capacity 9691K, committed 9816K, reserved 1048576K
}
Event: 985.697 GC heap before
{Heap before GC invocations=17 (full 3):
 PSYoungGen      total 277504K, used 277492K [0x00000000e0000000, 0x00000000f6b80000, 0x0000000100000000)
  eden space 259584K, 99% used [0x00000000e0000000,0x00000000efd7ffd8,0x00000000efd80000)
  from space 17920K, 99% used [0x00000000efd80000,0x00000000f0efd388,0x00000000f0f00000)
  to   space 22016K, 0% used [0x00000000f5600000,0x00000000f5600000,0x00000000f6b80000)
 ParOldGen       total 76800K, used 36168K [0x00000000a0000000, 0x00000000a4b00000, 0x00000000e0000000)
  object space 76800K, 47% used [0x00000000a0000000,0x00000000a2352030,0x00000000a4b00000)
 Metaspace       used 81109K, capacity 84994K, committed 85208K, reserved 1122304K
  class space    used 10990K, capacity 11726K, committed 11736K, reserved 1048576K
Event: 985.736 GC heap after
Heap after GC invocations=17 (full 3):
 PSYoungGen      total 270336K, used 21994K [0x00000000e0000000, 0x00000000f6b80000, 0x0000000100000000)
  eden space 248320K, 0% used [0x00000000e0000000,0x00000000e0000000,0x00000000ef280000)
  from space 22016K, 99% used [0x00000000f5600000,0x00000000f6b7a8b8,0x00000000f6b80000)
  to   space 31744K, 0% used [0x00000000f2d80000,0x00000000f2d80000,0x00000000f4c80000)
 ParOldGen       total 76800K, used 53701K [0x00000000a0000000, 0x00000000a4b00000, 0x00000000e0000000)
  object space 76800K, 69% used [0x00000000a0000000,0x00000000a34717d8,0x00000000a4b00000)
 Metaspace       used 81109K, capacity 84994K, committed 85208K, reserved 1122304K
  class space    used 10990K, capacity 11726K, committed 11736K, reserved 1048576K
}
Event: 1053.031 GC heap before
{Heap before GC invocations=18 (full 3):
 PSYoungGen      total 270336K, used 270314K [0x00000000e0000000, 0x00000000f6b80000, 0x0000000100000000)
  eden space 248320K, 100% used [0x00000000e0000000,0x00000000ef280000,0x00000000ef280000)
  from space 22016K, 99% used [0x00000000f5600000,0x00000000f6b7a8b8,0x00000000f6b80000)
  to   space 31744K, 0% used [0x00000000f2d80000,0x00000000f2d80000,0x00000000f4c80000)
 ParOldGen       total 76800K, used 53701K [0x00000000a0000000, 0x00000000a4b00000, 0x00000000e0000000)
  object space 76800K, 69% used [0x00000000a0000000,0x00000000a34717d8,0x00000000a4b00000)
 Metaspace       used 84018K, capacity 88340K, committed 88536K, reserved 1126400K
  class space    used 11316K, capacity 12159K, committed 12248K, reserved 1048576K
Event: 1053.054 GC heap after
Heap after GC invocations=18 (full 3):
 PSYoungGen      total 250880K, used 13226K [0x00000000e0000000, 0x00000000f5680000, 0x0000000100000000)
  eden space 237568K, 0% used [0x00000000e0000000,0x00000000e0000000,0x00000000ee800000)
  from space 13312K, 99% used [0x00000000f2d80000,0x00000000f3a6a998,0x00000000f3a80000)
  to   space 28672K, 0% used [0x00000000f3a80000,0x00000000f3a80000,0x00000000f5680000)
 ParOldGen       total 76800K, used 57155K [0x00000000a0000000, 0x00000000a4b00000, 0x00000000e0000000)
  object space 76800K, 74% used [0x00000000a0000000,0x00000000a37d0c20,0x00000000a4b00000)
 Metaspace       used 84018K, capacity 88340K, committed 88536K, reserved 1126400K
  class space    used 11316K, capacity 12159K, committed 12248K, reserved 1048576K
}
Event: 1120.480 GC heap before
{Heap before GC invocations=19 (full 3):
 PSYoungGen      total 250880K, used 250794K [0x00000000e0000000, 0x00000000f5680000, 0x0000000100000000)
  eden space 237568K, 100% used [0x00000000e0000000,0x00000000ee800000,0x00000000ee800000)
  from space 13312K, 99% used [0x00000000f2d80000,0x00000000f3a6a998,0x00000000f3a80000)
  to   space 28672K, 0% used [0x00000000f3a80000,0x00000000f3a80000,0x00000000f5680000)
 ParOldGen       total 76800K, used 57155K [0x00000000a0000000, 0x00000000a4b00000, 0x00000000e0000000)
  object space 76800K, 74% used [0x00000000a0000000,0x00000000a37d0c20,0x00000000a4b00000)
 Metaspace       used 84780K, capacity 89342K, committed 89560K, reserved 1126400K
  class space    used 11354K, capacity 12228K, committed 12248K, reserved 1048576K
Event: 1120.494 GC heap after
Heap after GC invocations=19 (full 3):
 PSYoungGen      total 236032K, used 8677K [0x00000000e0000000, 0x00000000f4300000, 0x0000000100000000)
  eden space 227328K, 0% used [0x00000000e0000000,0x00000000e0000000,0x00000000ede00000)
  from space 8704K, 99% used [0x00000000f3a80000,0x00000000f42f9570,0x00000000f4300000)
  to   space 29184K, 0% used [0x00000000f0a00000,0x00000000f0a00000,0x00000000f2680000)
 ParOldGen       total 76800K, used 57163K [0x00000000a0000000, 0x00000000a4b00000, 0x00000000e0000000)
  object space 76800K, 74% used [0x00000000a0000000,0x00000000a37d2c20,0x00000000a4b00000)
 Metaspace       used 84780K, capacity 89342K, committed 89560K, reserved 1126400K
  class space    used 11354K, capacity 12228K, committed 12248K, reserved 1048576K
}
Event: 2048.990 GC heap before
{Heap before GC invocations=20 (full 3):
 PSYoungGen      total 236032K, used 236005K [0x00000000e0000000, 0x00000000f4300000, 0x0000000100000000)
  eden space 227328K, 100% used [0x00000000e0000000,0x00000000ede00000,0x00000000ede00000)
  from space 8704K, 99% used [0x00000000f3a80000,0x00000000f42f9570,0x00000000f4300000)
  to   space 29184K, 0% used [0x00000000f0a00000,0x00000000f0a00000,0x00000000f2680000)
 ParOldGen       total 76800K, used 57163K [0x00000000a0000000, 0x00000000a4b00000, 0x00000000e0000000)
  object space 76800K, 74% used [0x00000000a0000000,0x00000000a37d2c20,0x00000000a4b00000)
 Metaspace       used 85495K, capacity 90282K, committed 90456K, reserved 1128448K
  class space    used 11399K, capacity 12310K, committed 12376K, reserved 1048576K
Event: 2049.032 GC heap after
Heap after GC invocations=20 (full 3):
 PSYoungGen      total 228864K, used 10821K [0x00000000e0000000, 0x00000000f3b00000, 0x0000000100000000)
  eden space 217600K, 0% used [0x00000000e0000000,0x00000000e0000000,0x00000000ed480000)
  from space 11264K, 96% used [0x00000000f0a00000,0x00000000f1491590,0x00000000f1500000)
  to   space 27648K, 0% used [0x00000000f2000000,0x00000000f2000000,0x00000000f3b00000)
 ParOldGen       total 76800K, used 57171K [0x00000000a0000000, 0x00000000a4b00000, 0x00000000e0000000)
  object space 76800K, 74% used [0x00000000a0000000,0x00000000a37d4c20,0x00000000a4b00000)
 Metaspace       used 85495K, capacity 90282K, committed 90456K, reserved 1128448K
  class space    used 11399K, capacity 12310K, committed 12376K, reserved 1048576K
}

