# JRE version: OpenJDK Runtime Environment (8.0_212-b04) (build 1.8.0_212-release-1586-b04)
# Java VM: OpenJDK 64-Bit Server VM (25.212-b04 mixed mode windows-amd64 compressed oops)
Heap:
 PSYoungGen      total 136192K, used 49227K [0x00000000e0000000, 0x00000000e9880000, 0x0000000100000000)
  eden space 127488K, 31% used [0x00000000e0000000,0x00000000e27c89a0,0x00000000e7c80000)
  from space 8704K, 97% used [0x00000000e9000000,0x00000000e984a3f8,0x00000000e9880000)
  to   space 13824K, 0% used [0x00000000e7d80000,0x00000000e7d80000,0x00000000e8b00000)
 ParOldGen       total 80896K, used 30185K [0x00000000a0000000, 0x00000000a4f00000, 0x00000000e0000000)
  object space 80896K, 37% used [0x00000000a0000000,0x00000000a1d7a6c8,0x00000000a4f00000)
 Metaspace       used 61100K, capacity 63618K, committed 63832K, reserved 1103872K
  class space    used 8531K, capacity 9078K, committed 9088K, reserved 1048576K
GC Heap History (10 events):
Event: 34.973 GC heap before
{Heap before GC invocations=17 (full 2):
 PSYoungGen      total 94208K, used 94188K [0x00000000e0000000, 0x00000000e6980000, 0x0000000100000000)
  eden space 86016K, 100% used [0x00000000e0000000,0x00000000e5400000,0x00000000e5400000)
  from space 8192K, 99% used [0x00000000e6180000,0x00000000e697b128,0x00000000e6980000)
  to   space 10240K, 0% used [0x00000000e5580000,0x00000000e5580000,0x00000000e5f80000)
 ParOldGen       total 54272K, used 17064K [0x00000000a0000000, 0x00000000a3500000, 0x00000000e0000000)
  object space 54272K, 31% used [0x00000000a0000000,0x00000000a10aa250,0x00000000a3500000)
 Metaspace       used 50213K, capacity 51658K, committed 51840K, reserved 1093632K
  class space    used 6814K, capacity 7180K, committed 7296K, reserved 1048576K
Event: 34.995 GC heap after
Heap after GC invocations=17 (full 2):
 PSYoungGen      total 97792K, used 10235K [0x00000000e0000000, 0x00000000e8100000, 0x0000000100000000)
  eden space 87552K, 0% used [0x00000000e0000000,0x00000000e0000000,0x00000000e5580000)
  from space 10240K, 99% used [0x00000000e5580000,0x00000000e5f7ec88,0x00000000e5f80000)
  to   space 13312K, 0% used [0x00000000e7400000,0x00000000e7400000,0x00000000e8100000)
 ParOldGen       total 54272K, used 21827K [0x00000000a0000000, 0x00000000a3500000, 0x00000000e0000000)
  object space 54272K, 40% used [0x00000000a0000000,0x00000000a1550d90,0x00000000a3500000)
 Metaspace       used 50213K, capacity 51658K, committed 51840K, reserved 1093632K
  class space    used 6814K, capacity 7180K, committed 7296K, reserved 1048576K
}
Event: 37.950 GC heap before
{Heap before GC invocations=18 (full 2):
 PSYoungGen      total 97792K, used 97787K [0x00000000e0000000, 0x00000000e8100000, 0x0000000100000000)
  eden space 87552K, 100% used [0x00000000e0000000,0x00000000e5580000,0x00000000e5580000)
  from space 10240K, 99% used [0x00000000e5580000,0x00000000e5f7ec88,0x00000000e5f80000)
  to   space 13312K, 0% used [0x00000000e7400000,0x00000000e7400000,0x00000000e8100000)
 ParOldGen       total 54272K, used 21827K [0x00000000a0000000, 0x00000000a3500000, 0x00000000e0000000)
  object space 54272K, 40% used [0x00000000a0000000,0x00000000a1550d90,0x00000000a3500000)
 Metaspace       used 56229K, capacity 57946K, committed 58112K, reserved 1099776K
  class space    used 7760K, capacity 8162K, committed 8192K, reserved 1048576K
Event: 37.965 GC heap after
Heap after GC invocations=18 (full 2):
 PSYoungGen      total 118272K, used 9452K [0x00000000e0000000, 0x00000000e8400000, 0x0000000100000000)
  eden space 104960K, 0% used [0x00000000e0000000,0x00000000e0000000,0x00000000e6680000)
  from space 13312K, 71% used [0x00000000e7400000,0x00000000e7d3b2b8,0x00000000e8100000)
  to   space 13824K, 0% used [0x00000000e6680000,0x00000000e6680000,0x00000000e7400000)
 ParOldGen       total 54272K, used 27092K [0x00000000a0000000, 0x00000000a3500000, 0x00000000e0000000)
  object space 54272K, 49% used [0x00000000a0000000,0x00000000a1a753a0,0x00000000a3500000)
 Metaspace       used 56229K, capacity 57946K, committed 58112K, reserved 1099776K
  class space    used 7760K, capacity 8162K, committed 8192K, reserved 1048576K
}
Event: 38.736 GC heap before
{Heap before GC invocations=19 (full 2):
 PSYoungGen      total 118272K, used 24726K [0x00000000e0000000, 0x00000000e8400000, 0x0000000100000000)
  eden space 104960K, 14% used [0x00000000e0000000,0x00000000e0eea718,0x00000000e6680000)
  from space 13312K, 71% used [0x00000000e7400000,0x00000000e7d3b2b8,0x00000000e8100000)
  to   space 13824K, 0% used [0x00000000e6680000,0x00000000e6680000,0x00000000e7400000)
 ParOldGen       total 54272K, used 27092K [0x00000000a0000000, 0x00000000a3500000, 0x00000000e0000000)
  object space 54272K, 49% used [0x00000000a0000000,0x00000000a1a753a0,0x00000000a3500000)
 Metaspace       used 57029K, capacity 58940K, committed 59096K, reserved 1099776K
  class space    used 7903K, capacity 8345K, committed 8448K, reserved 1048576K
Event: 38.779 GC heap after
Heap after GC invocations=19 (full 2):
 PSYoungGen      total 118784K, used 7227K [0x00000000e0000000, 0x00000000e9d80000, 0x0000000100000000)
  eden space 104960K, 0% used [0x00000000e0000000,0x00000000e0000000,0x00000000e6680000)
  from space 13824K, 52% used [0x00000000e6680000,0x00000000e6d8ee58,0x00000000e7400000)
  to   space 13824K, 0% used [0x00000000e9000000,0x00000000e9000000,0x00000000e9d80000)
 ParOldGen       total 54272K, used 27100K [0x00000000a0000000, 0x00000000a3500000, 0x00000000e0000000)
  object space 54272K, 49% used [0x00000000a0000000,0x00000000a1a773a0,0x00000000a3500000)
 Metaspace       used 57029K, capacity 58940K, committed 59096K, reserved 1099776K
  class space    used 7903K, capacity 8345K, committed 8448K, reserved 1048576K
}
Event: 38.779 GC heap before
{Heap before GC invocations=20 (full 3):
 PSYoungGen      total 118784K, used 7227K [0x00000000e0000000, 0x00000000e9d80000, 0x0000000100000000)
  eden space 104960K, 0% used [0x00000000e0000000,0x00000000e0000000,0x00000000e6680000)
  from space 13824K, 52% used [0x00000000e6680000,0x00000000e6d8ee58,0x00000000e7400000)
  to   space 13824K, 0% used [0x00000000e9000000,0x00000000e9000000,0x00000000e9d80000)
 ParOldGen       total 54272K, used 27100K [0x00000000a0000000, 0x00000000a3500000, 0x00000000e0000000)
  object space 54272K, 49% used [0x00000000a0000000,0x00000000a1a773a0,0x00000000a3500000)
 Metaspace       used 57029K, capacity 58940K, committed 59096K, reserved 1099776K
  class space    used 7903K, capacity 8345K, committed 8448K, reserved 1048576K
Event: 39.038 GC heap after
Heap after GC invocations=20 (full 3):
 PSYoungGen      total 118784K, used 0K [0x00000000e0000000, 0x00000000e9d80000, 0x0000000100000000)
  eden space 104960K, 0% used [0x00000000e0000000,0x00000000e0000000,0x00000000e6680000)
  from space 13824K, 0% used [0x00000000e6680000,0x00000000e6680000,0x00000000e7400000)
  to   space 13824K, 0% used [0x00000000e9000000,0x00000000e9000000,0x00000000e9d80000)
 ParOldGen       total 80896K, used 30177K [0x00000000a0000000, 0x00000000a4f00000, 0x00000000e0000000)
  object space 80896K, 37% used [0x00000000a0000000,0x00000000a1d786c8,0x00000000a4f00000)
 Metaspace       used 56945K, capacity 58710K, committed 59096K, reserved 1099776K
  class space    used 7879K, capacity 8302K, committed 8448K, reserved 1048576K
}
Event: 45.009 GC heap before
{Heap before GC invocations=21 (full 3):
 PSYoungGen      total 118784K, used 104960K [0x00000000e0000000, 0x00000000e9d80000, 0x0000000100000000)
  eden space 104960K, 100% used [0x00000000e0000000,0x00000000e6680000,0x00000000e6680000)
  from space 13824K, 0% used [0x00000000e6680000,0x00000000e6680000,0x00000000e7400000)
  to   space 13824K, 0% used [0x00000000e9000000,0x00000000e9000000,0x00000000e9d80000)
 ParOldGen       total 80896K, used 30177K [0x00000000a0000000, 0x00000000a4f00000, 0x00000000e0000000)
  object space 80896K, 37% used [0x00000000a0000000,0x00000000a1d786c8,0x00000000a4f00000)
 Metaspace       used 59291K, capacity 61684K, committed 62040K, reserved 1101824K
  class space    used 8204K, capacity 8717K, committed 8832K, reserved 1048576K
Event: 45.019 GC heap after
Heap after GC invocations=21 (full 3):
 PSYoungGen      total 136192K, used 8488K [0x00000000e0000000, 0x00000000e9880000, 0x0000000100000000)
  eden space 127488K, 0% used [0x00000000e0000000,0x00000000e0000000,0x00000000e7c80000)
  from space 8704K, 97% used [0x00000000e9000000,0x00000000e984a3f8,0x00000000e9880000)
  to   space 13824K, 0% used [0x00000000e7d80000,0x00000000e7d80000,0x00000000e8b00000)
 ParOldGen       total 80896K, used 30185K [0x00000000a0000000, 0x00000000a4f00000, 0x00000000e0000000)
  object space 80896K, 37% used [0x00000000a0000000,0x00000000a1d7a6c8,0x00000000a4f00000)
 Metaspace       used 59291K, capacity 61684K, committed 62040K, reserved 1101824K
  class space    used 8204K, capacity 8717K, committed 8832K, reserved 1048576K
}

